<?xml version="1.0" encoding="UTF-8"?>
<testng-results ignored="0" total="1" passed="1" failed="0" skipped="0">
  <reporter-output>
  </reporter-output>
  <suite started-at="2024-12-14T23:42:03 IST" name="Default suite" finished-at="2024-12-14T23:43:07 IST" duration-ms="64811">
    <groups>
      <group name="cucumber">
        <method signature="AbstractTestNGCucumberTests.runScenario(io.cucumber.testng.PickleWrapper,io.cucumber.testng.FeatureWrapper)[pri:0, instance:Runners.Runner@3571b748]" name="runScenario" class="io.cucumber.testng.AbstractTestNGCucumberTests"/>
      </group> <!-- cucumber -->
    </groups>
    <test started-at="2024-12-14T23:42:03 IST" name="Default test" finished-at="2024-12-14T23:43:07 IST" duration-ms="64811">
      <class name="Runners.Runner">
        <test-method is-config="true" signature="setUpClass(org.testng.ITestContext)[pri:0, instance:Runners.Runner@3571b748]" started-at="2024-12-14T23:42:03 IST" name="setUpClass" finished-at="2024-12-14T23:42:03 IST" duration-ms="319" status="PASS">
          <params>
            <param index="0">
              <value>
                <![CDATA[org.testng.TestRunner@26994c6a]]>
              </value>
            </param>
          </params>
          <reporter-output>
          </reporter-output>
        </test-method> <!-- setUpClass -->
        <test-method signature="runScenario(io.cucumber.testng.PickleWrapper,io.cucumber.testng.FeatureWrapper)[pri:0, instance:Runners.Runner@3571b748]" started-at="2024-12-14T23:42:03 IST" name="runScenario" description="Runs Cucumber Scenarios" data-provider="scenarios" finished-at="2024-12-14T23:43:07 IST" duration-ms="64407" status="PASS">
          <params>
            <param index="0">
              <value>
                <![CDATA["Drag and drop the pictures"]]>
              </value>
            </param>
            <param index="1">
              <value>
                <![CDATA["Slider Interaction"]]>
              </value>
            </param>
          </params>
          <reporter-output>
          </reporter-output>
        </test-method> <!-- runScenario -->
        <test-method is-config="true" signature="tearDownClass()[pri:0, instance:Runners.Runner@3571b748]" started-at="2024-12-14T23:43:07 IST" name="tearDownClass" finished-at="2024-12-14T23:43:07 IST" duration-ms="6" status="PASS">
          <reporter-output>
          </reporter-output>
        </test-method> <!-- tearDownClass -->
      </class> <!-- Runners.Runner -->
    </test> <!-- Default test -->
  </suite> <!-- Default suite -->
</testng-results>
